<?xml version="1.0" encoding="UTF-8"?>
<!-- Generated by org.testng.reporters.JUnitXMLReporter -->
<testsuite ignored="0" hostname="BSG-LAPTOP-7" failures="0" tests="2" name="Turing CBS Test Cases" time="204.675" errors="0" timestamp="2022-09-13T17:43:03 IST">
  <testcase classname="com.cbs.testcases.TdCreationTestCases" name="createNewBulkTDAccount" time="122.997"/>
  <testcase classname="com.cbs.testcases.TdCreationTestCases" name="authCreatedNewBulkTDAccount" time="59.87"/>
</testsuite> <!-- Turing CBS Test Cases -->
