<?xml version="1.0" encoding="UTF-8"?>
<!-- Generated by org.testng.reporters.JUnitXMLReporter -->
<testsuite ignored="0" hostname="BSG-LAPTOP-215" failures="0" tests="3" name="Default test" time="171.386" errors="0" timestamp="2023-09-15T13:03:47 IST">
  <testcase classname="com.cbs.testcases.Balance_Test_case$CASATestCases" name="Check_balance_saving_Account" time="33.891"/>
  <testcase classname="com.cbs.testcases.Balance_Test_case$CASATestCases" name="Check_balance_current_Account" time="60.927"/>
  <testcase classname="com.cbs.testcases.Balance_Test_case$CASATestCases" name="Check_balance_loan_Account" time="46.403"/>
</testsuite> <!-- Default test -->
