<?xml version="1.0" encoding="UTF-8"?>
<!-- Generated by org.testng.reporters.JUnitXMLReporter -->
<testsuite ignored="0" hostname="BSG-LAPTOP-82" failures="0" tests="3" name="Parallel Tests1" time="71.547" errors="0" timestamp="2023-07-24T14:48:04 IST">
  <testcase classname="com.cbs.testcases.LoginPageTestcase" name="loginPageTitletest" time="2.029"/>
  <testcase classname="com.cbs.testcases.LoginPageTestcase" name="maker_Login" time="13.805"/>
  <testcase classname="com.cbs.testcases.LoginPageTestcase" name="checker_Login" time="47.237"/>
</testsuite> <!-- Parallel Tests1 -->
