<?xml version="1.0" encoding="UTF-8"?>
<!-- Generated by org.testng.reporters.JUnitXMLReporter -->
<testsuite ignored="0" hostname="BSG-LAPTOP-82" failures="0" tests="3" name="Test" time="37.785" errors="0" timestamp="2023-07-18T11:54:02 IST">
  <testcase classname="com.cbs.testcases.LoginPageTestcase" name="loginPageTitletest" time="2.035"/>
  <testcase classname="com.cbs.testcases.LoginPageTestcase" name="maker_Login" time="13.707"/>
  <testcase classname="com.cbs.testcases.LoginPageTestcase" name="checker_Login" time="14.715"/>
</testsuite> <!-- Test -->
