<?xml version="1.0" encoding="UTF-8"?>
<testng-results ignored="0" total="3" passed="3" failed="0" skipped="0">
  <reporter-output>
  </reporter-output>
  <suite started-at="2023-09-15T13:00:56 IST" name="Default suite" finished-at="2023-09-15T13:03:47 IST" duration-ms="171386">
    <groups>
    </groups>
    <test started-at="2023-09-15T13:00:56 IST" name="Default test" finished-at="2023-09-15T13:03:47 IST" duration-ms="171386">
      <class name="com.cbs.testcases.Balance_Test_case$CASATestCases">
        <test-method is-config="true" signature="setUp()[pri:0, instance:com.cbs.testcases.Balance_Test_case$CASATestCases@533bda92]" started-at="2023-09-15T13:00:56 IST" name="setUp" finished-at="2023-09-15T13:01:26 IST" duration-ms="30042" status="PASS">
          <reporter-output>
          </reporter-output>
        </test-method> <!-- setUp -->
        <test-method signature="Check_balance_saving_Account()[pri:1, instance:com.cbs.testcases.Balance_Test_case$CASATestCases@533bda92]" started-at="2023-09-15T13:01:26 IST" name="Check_balance_saving_Account" finished-at="2023-09-15T13:02:00 IST" duration-ms="33891" status="PASS">
          <reporter-output>
          </reporter-output>
        </test-method> <!-- Check_balance_saving_Account -->
        <test-method signature="Check_balance_current_Account()[pri:2, instance:com.cbs.testcases.Balance_Test_case$CASATestCases@533bda92]" started-at="2023-09-15T13:02:00 IST" name="Check_balance_current_Account" finished-at="2023-09-15T13:03:01 IST" duration-ms="60927" status="PASS">
          <reporter-output>
          </reporter-output>
        </test-method> <!-- Check_balance_current_Account -->
        <test-method signature="Check_balance_loan_Account()[pri:3, instance:com.cbs.testcases.Balance_Test_case$CASATestCases@533bda92]" started-at="2023-09-15T13:03:01 IST" name="Check_balance_loan_Account" finished-at="2023-09-15T13:03:47 IST" duration-ms="46403" status="PASS">
          <reporter-output>
          </reporter-output>
        </test-method> <!-- Check_balance_loan_Account -->
        <test-method is-config="true" signature="tearDown()[pri:0, instance:com.cbs.testcases.Balance_Test_case$CASATestCases@533bda92]" started-at="2023-09-15T13:03:47 IST" name="tearDown" finished-at="2023-09-15T13:03:47 IST" duration-ms="1" status="PASS">
          <reporter-output>
          </reporter-output>
        </test-method> <!-- tearDown -->
      </class> <!-- com.cbs.testcases.Balance_Test_case$CASATestCases -->
    </test> <!-- Default test -->
  </suite> <!-- Default suite -->
</testng-results>
